<?xml version="1.0" encoding="UTF-8" ?>
<testsuite tests="66" failures="4" name="testRunner.TestRun" time="0.172" errors="4" skipped="11">
  <properties>
[...]
</properties>
  <testcase classname="Scenario: Add New Customer" name="Given User Launch Chrome Browser" time="0.005"/>
  <testcase classname="Scenario: Add New Customer" name="When User opens URL &quot;https://admin-demo.nopcommerce.com/login&quot;" time="0"/>
  <testcase classname="Scenario: Add New Customer" name="And User enters Email as &quot;admin@yourstore.com&quot; and Password as &quot;admin&quot;" time="0"/>
  <testcase classname="Scenario: Add New Customer" name="And Click on Login" time="0"/>
  <testcase classname="Scenario: Add New Customer" name="Then user can view Dashboard" time="0"/>
  <testcase classname="Scenario: Add New Customer" name="When User click on customers Menu" time="0"/>
  <testcase classname="Scenario: Add New Customer" name="And click on customers menu item" time="0"/>
  <testcase classname="Scenario: Add New Customer" name="And click on Add New Button" time="0"/>
  <testcase classname="Scenario: Add New Customer" name="Then User can view Add New Customer Page" time="0"/>
  <testcase classname="Scenario: Add New Customer" name="When User enters customer info" time="0"/>
  <testcase classname="Scenario: Add New Customer" name="And click on save button" time="0"/>
  <testcase classname="Scenario: Add New Customer" name="Then user can view confirmation message &quot;The new customer has been added successfully.&quot;" time="0"/>
  <testcase classname="Scenario: Add New Customer" name="And Close browser" time="0"/>
  <testcase classname="Scenario: Add New Customer" name="Scenario: Add New Customer" time="0"/>
  <testcase classname="Scenario: Search customer by Email" name="Given User Launch Chrome Browser" time="0"/>
  <testcase classname="Scenario: Search customer by Email" name="When User opens URL &quot;https://admin-demo.nopcommerce.com/login&quot;" time="0"/>
  <testcase classname="Scenario: Search customer by Email" name="And User enters Email as &quot;admin@yourstore.com&quot; and Password as &quot;admin&quot;" time="0"/>
  <testcase classname="Scenario: Search customer by Email" name="And Click on Login" time="0"/>
  <testcase classname="Scenario: Search customer by Email" name="Then user can view Dashboard" time="0"/>
  <testcase classname="Scenario: Search customer by Email" name="When User click on customers Menu" time="0"/>
  <testcase classname="Scenario: Search customer by Email" name="And click on customers menu item" time="0.02">
    <error message="element not interactable
  (Session info: chrome=81.0.4044.122)
Build info: version: &apos;3.141.59&apos;, revision: &apos;e82be7d358&apos;, time: &apos;2018-11-14T08:17:03&apos;
System info: host: &apos;LAPTOP-BQ7298OG&apos;, ip: &apos;192.168.1.2&apos;, os.name: &apos;Windows 10&apos;, os.arch: &apos;amd64&apos;, os.version: &apos;10.0&apos;, java.version: &apos;14.0.1&apos;
Driver info: org.openqa.selenium.chrome.ChromeDriver
Capabilities {acceptInsecureCerts: false, browserName: chrome, browserVersion: 81.0.4044.122, chrome: {chromedriverVersion: 80.0.3987.106 (f68069574609..., userDataDir: C:\WINDOWS\TEMP\scoped_dir2...}, goog:chromeOptions: {debuggerAddress: localhost:58663}, javascriptEnabled: true, networkConnectionEnabled: false, pageLoadStrategy: normal, platform: WINDOWS, platformName: WINDOWS, proxy: Proxy(), setWindowRect: true, strictFileInteractability: false, timeouts: {implicit: 0, pageLoad: 300000, script: 30000}, unhandledPromptBehavior: dismiss and notify}
Session ID: 81572be04ebafb3cadbeb8c61bd411d0" type="org.openqa.selenium.ElementNotInteractableException">org.openqa.selenium.ElementNotInteractableException: element not interactable
  (Session info: chrome=81.0.4044.122)
Build info: version: &apos;3.141.59&apos;, revision: &apos;e82be7d358&apos;, time: &apos;2018-11-14T08:17:03&apos;
System info: host: &apos;LAPTOP-BQ7298OG&apos;, ip: &apos;192.168.1.2&apos;, os.name: &apos;Windows 10&apos;, os.arch: &apos;amd64&apos;, os.version: &apos;10.0&apos;, java.version: &apos;14.0.1&apos;
Driver info: org.openqa.selenium.chrome.ChromeDriver
Capabilities {acceptInsecureCerts: false, browserName: chrome, browserVersion: 81.0.4044.122, chrome: {chromedriverVersion: 80.0.3987.106 (f68069574609..., userDataDir: C:\WINDOWS\TEMP\scoped_dir2...}, goog:chromeOptions: {debuggerAddress: localhost:58663}, javascriptEnabled: true, networkConnectionEnabled: false, pageLoadStrategy: normal, platform: WINDOWS, platformName: WINDOWS, proxy: Proxy(), setWindowRect: true, strictFileInteractability: false, timeouts: {implicit: 0, pageLoad: 300000, script: 30000}, unhandledPromptBehavior: dismiss and notify}
Session ID: 81572be04ebafb3cadbeb8c61bd411d0
	at java.base/jdk.internal.reflect.NativeConstructorAccessorImpl.newInstance0(Native Method)
	at java.base/jdk.internal.reflect.NativeConstructorAccessorImpl.newInstance(NativeConstructorAccessorImpl.java:62)
	at java.base/jdk.internal.reflect.DelegatingConstructorAccessorImpl.newInstance(DelegatingConstructorAccessorImpl.java:45)
	at java.base/java.lang.reflect.Constructor.newInstanceWithCaller(Constructor.java:500)
	at java.base/java.lang.reflect.Constructor.newInstance(Constructor.java:481)
	at org.openqa.selenium.remote.http.W3CHttpResponseCodec.createException(W3CHttpResponseCodec.java:187)
	at org.openqa.selenium.remote.http.W3CHttpResponseCodec.decode(W3CHttpResponseCodec.java:122)
	at org.openqa.selenium.remote.http.W3CHttpResponseCodec.decode(W3CHttpResponseCodec.java:49)
	at org.openqa.selenium.remote.HttpCommandExecutor.execute(HttpCommandExecutor.java:158)
	at org.openqa.selenium.remote.service.DriverCommandExecutor.execute(DriverCommandExecutor.java:83)
	at org.openqa.selenium.remote.RemoteWebDriver.execute(RemoteWebDriver.java:552)
	at org.openqa.selenium.remote.RemoteWebElement.execute(RemoteWebElement.java:285)
	at org.openqa.selenium.remote.RemoteWebElement.click(RemoteWebElement.java:84)
	at pageObjects.AddCustomerPage.clickOnCustomerMenuItem(AddCustomerPage.java:57)
	at stepDefinitions.Steps.click_on_customers_menu_item(Steps.java:122)
	at ✽.And click on customers menu item(Customer.feature:24)
</error>
    <system-out> INFO [main] (Steps.java:121)- *********************Clicking on Customers Menu Item********************
</system-out>
  </testcase>
  <testcase classname="Scenario: Search customer by Email" name="Scenario: Search customer by Email" time="0.022">
    <error message="element not interactable
  (Session info: chrome=81.0.4044.122)
Build info: version: &apos;3.141.59&apos;, revision: &apos;e82be7d358&apos;, time: &apos;2018-11-14T08:17:03&apos;
System info: host: &apos;LAPTOP-BQ7298OG&apos;, ip: &apos;192.168.1.2&apos;, os.name: &apos;Windows 10&apos;, os.arch: &apos;amd64&apos;, os.version: &apos;10.0&apos;, java.version: &apos;14.0.1&apos;
Driver info: org.openqa.selenium.chrome.ChromeDriver
Capabilities {acceptInsecureCerts: false, browserName: chrome, browserVersion: 81.0.4044.122, chrome: {chromedriverVersion: 80.0.3987.106 (f68069574609..., userDataDir: C:\WINDOWS\TEMP\scoped_dir2...}, goog:chromeOptions: {debuggerAddress: localhost:58663}, javascriptEnabled: true, networkConnectionEnabled: false, pageLoadStrategy: normal, platform: WINDOWS, platformName: WINDOWS, proxy: Proxy(), setWindowRect: true, strictFileInteractability: false, timeouts: {implicit: 0, pageLoad: 300000, script: 30000}, unhandledPromptBehavior: dismiss and notify}
Session ID: 81572be04ebafb3cadbeb8c61bd411d0" type="org.openqa.selenium.ElementNotInteractableException">org.openqa.selenium.ElementNotInteractableException: element not interactable
  (Session info: chrome=81.0.4044.122)
Build info: version: &apos;3.141.59&apos;, revision: &apos;e82be7d358&apos;, time: &apos;2018-11-14T08:17:03&apos;
System info: host: &apos;LAPTOP-BQ7298OG&apos;, ip: &apos;192.168.1.2&apos;, os.name: &apos;Windows 10&apos;, os.arch: &apos;amd64&apos;, os.version: &apos;10.0&apos;, java.version: &apos;14.0.1&apos;
Driver info: org.openqa.selenium.chrome.ChromeDriver
Capabilities {acceptInsecureCerts: false, browserName: chrome, browserVersion: 81.0.4044.122, chrome: {chromedriverVersion: 80.0.3987.106 (f68069574609..., userDataDir: C:\WINDOWS\TEMP\scoped_dir2...}, goog:chromeOptions: {debuggerAddress: localhost:58663}, javascriptEnabled: true, networkConnectionEnabled: false, pageLoadStrategy: normal, platform: WINDOWS, platformName: WINDOWS, proxy: Proxy(), setWindowRect: true, strictFileInteractability: false, timeouts: {implicit: 0, pageLoad: 300000, script: 30000}, unhandledPromptBehavior: dismiss and notify}
Session ID: 81572be04ebafb3cadbeb8c61bd411d0
	at java.base/jdk.internal.reflect.NativeConstructorAccessorImpl.newInstance0(Native Method)
	at java.base/jdk.internal.reflect.NativeConstructorAccessorImpl.newInstance(NativeConstructorAccessorImpl.java:62)
	at java.base/jdk.internal.reflect.DelegatingConstructorAccessorImpl.newInstance(DelegatingConstructorAccessorImpl.java:45)
	at java.base/java.lang.reflect.Constructor.newInstanceWithCaller(Constructor.java:500)
	at java.base/java.lang.reflect.Constructor.newInstance(Constructor.java:481)
	at org.openqa.selenium.remote.http.W3CHttpResponseCodec.createException(W3CHttpResponseCodec.java:187)
	at org.openqa.selenium.remote.http.W3CHttpResponseCodec.decode(W3CHttpResponseCodec.java:122)
	at org.openqa.selenium.remote.http.W3CHttpResponseCodec.decode(W3CHttpResponseCodec.java:49)
	at org.openqa.selenium.remote.HttpCommandExecutor.execute(HttpCommandExecutor.java:158)
	at org.openqa.selenium.remote.service.DriverCommandExecutor.execute(DriverCommandExecutor.java:83)
	at org.openqa.selenium.remote.RemoteWebDriver.execute(RemoteWebDriver.java:552)
	at org.openqa.selenium.remote.RemoteWebElement.execute(RemoteWebElement.java:285)
	at org.openqa.selenium.remote.RemoteWebElement.click(RemoteWebElement.java:84)
	at pageObjects.AddCustomerPage.clickOnCustomerMenuItem(AddCustomerPage.java:57)
	at stepDefinitions.Steps.click_on_customers_menu_item(Steps.java:122)
	at ✽.And click on customers menu item(Customer.feature:24)
</error>
  </testcase>
  <testcase classname="Scenario: Search customer by Email" name="And Enter customer Email" time="0.022">
    <skipped/>
  </testcase>
  <testcase classname="Scenario: Search customer by Email" name="When Click on search button" time="0.022">
    <skipped/>
  </testcase>
  <testcase classname="Scenario: Search customer by Email" name="Then User should find Email in the search table" time="0.023">
    <skipped/>
  </testcase>
  <testcase classname="Scenario: Search customer by Email" name="And Close browser" time="0.023">
    <skipped/>
  </testcase>
  <testcase classname="Scenario: Search customer by Name" name="Given User Launch Chrome Browser" time="0"/>
  <testcase classname="Scenario: Search customer by Name" name="When User opens URL &quot;https://admin-demo.nopcommerce.com/login&quot;" time="0"/>
  <testcase classname="Scenario: Search customer by Name" name="And User enters Email as &quot;admin@yourstore.com&quot; and Password as &quot;admin&quot;" time="0"/>
  <testcase classname="Scenario: Search customer by Name" name="And Click on Login" time="0"/>
  <testcase classname="Scenario: Search customer by Name" name="Then user can view Dashboard" time="0"/>
  <testcase classname="Scenario: Search customer by Name" name="When User click on customers Menu" time="0"/>
  <testcase classname="Scenario: Search customer by Name" name="And click on customers menu item" time="0.001">
    <error message="element not interactable
  (Session info: chrome=81.0.4044.122)
Build info: version: &apos;3.141.59&apos;, revision: &apos;e82be7d358&apos;, time: &apos;2018-11-14T08:17:03&apos;
System info: host: &apos;LAPTOP-BQ7298OG&apos;, ip: &apos;192.168.1.2&apos;, os.name: &apos;Windows 10&apos;, os.arch: &apos;amd64&apos;, os.version: &apos;10.0&apos;, java.version: &apos;14.0.1&apos;
Driver info: org.openqa.selenium.chrome.ChromeDriver
Capabilities {acceptInsecureCerts: false, browserName: chrome, browserVersion: 81.0.4044.122, chrome: {chromedriverVersion: 80.0.3987.106 (f68069574609..., userDataDir: C:\WINDOWS\TEMP\scoped_dir1...}, goog:chromeOptions: {debuggerAddress: localhost:58706}, javascriptEnabled: true, networkConnectionEnabled: false, pageLoadStrategy: normal, platform: WINDOWS, platformName: WINDOWS, proxy: Proxy(), setWindowRect: true, strictFileInteractability: false, timeouts: {implicit: 0, pageLoad: 300000, script: 30000}, unhandledPromptBehavior: dismiss and notify}
Session ID: 8041750f222b62e95382e7d5cc48dd8b" type="org.openqa.selenium.ElementNotInteractableException">org.openqa.selenium.ElementNotInteractableException: element not interactable
  (Session info: chrome=81.0.4044.122)
Build info: version: &apos;3.141.59&apos;, revision: &apos;e82be7d358&apos;, time: &apos;2018-11-14T08:17:03&apos;
System info: host: &apos;LAPTOP-BQ7298OG&apos;, ip: &apos;192.168.1.2&apos;, os.name: &apos;Windows 10&apos;, os.arch: &apos;amd64&apos;, os.version: &apos;10.0&apos;, java.version: &apos;14.0.1&apos;
Driver info: org.openqa.selenium.chrome.ChromeDriver
Capabilities {acceptInsecureCerts: false, browserName: chrome, browserVersion: 81.0.4044.122, chrome: {chromedriverVersion: 80.0.3987.106 (f68069574609..., userDataDir: C:\WINDOWS\TEMP\scoped_dir1...}, goog:chromeOptions: {debuggerAddress: localhost:58706}, javascriptEnabled: true, networkConnectionEnabled: false, pageLoadStrategy: normal, platform: WINDOWS, platformName: WINDOWS, proxy: Proxy(), setWindowRect: true, strictFileInteractability: false, timeouts: {implicit: 0, pageLoad: 300000, script: 30000}, unhandledPromptBehavior: dismiss and notify}
Session ID: 8041750f222b62e95382e7d5cc48dd8b
	at java.base/jdk.internal.reflect.NativeConstructorAccessorImpl.newInstance0(Native Method)
	at java.base/jdk.internal.reflect.NativeConstructorAccessorImpl.newInstance(NativeConstructorAccessorImpl.java:62)
	at java.base/jdk.internal.reflect.DelegatingConstructorAccessorImpl.newInstance(DelegatingConstructorAccessorImpl.java:45)
	at java.base/java.lang.reflect.Constructor.newInstanceWithCaller(Constructor.java:500)
	at java.base/java.lang.reflect.Constructor.newInstance(Constructor.java:481)
	at org.openqa.selenium.remote.http.W3CHttpResponseCodec.createException(W3CHttpResponseCodec.java:187)
	at org.openqa.selenium.remote.http.W3CHttpResponseCodec.decode(W3CHttpResponseCodec.java:122)
	at org.openqa.selenium.remote.http.W3CHttpResponseCodec.decode(W3CHttpResponseCodec.java:49)
	at org.openqa.selenium.remote.HttpCommandExecutor.execute(HttpCommandExecutor.java:158)
	at org.openqa.selenium.remote.service.DriverCommandExecutor.execute(DriverCommandExecutor.java:83)
	at org.openqa.selenium.remote.RemoteWebDriver.execute(RemoteWebDriver.java:552)
	at org.openqa.selenium.remote.RemoteWebElement.execute(RemoteWebElement.java:285)
	at org.openqa.selenium.remote.RemoteWebElement.click(RemoteWebElement.java:84)
	at pageObjects.AddCustomerPage.clickOnCustomerMenuItem(AddCustomerPage.java:57)
	at stepDefinitions.Steps.click_on_customers_menu_item(Steps.java:122)
	at ✽.And click on customers menu item(Customer.feature:33)
</error>
    <system-out> INFO [main] (Steps.java:121)- *********************Clicking on Customers Menu Item********************
</system-out>
  </testcase>
  <testcase classname="Scenario: Search customer by Name" name="Scenario: Search customer by Name" time="0.002">
    <error message="element not interactable
  (Session info: chrome=81.0.4044.122)
Build info: version: &apos;3.141.59&apos;, revision: &apos;e82be7d358&apos;, time: &apos;2018-11-14T08:17:03&apos;
System info: host: &apos;LAPTOP-BQ7298OG&apos;, ip: &apos;192.168.1.2&apos;, os.name: &apos;Windows 10&apos;, os.arch: &apos;amd64&apos;, os.version: &apos;10.0&apos;, java.version: &apos;14.0.1&apos;
Driver info: org.openqa.selenium.chrome.ChromeDriver
Capabilities {acceptInsecureCerts: false, browserName: chrome, browserVersion: 81.0.4044.122, chrome: {chromedriverVersion: 80.0.3987.106 (f68069574609..., userDataDir: C:\WINDOWS\TEMP\scoped_dir1...}, goog:chromeOptions: {debuggerAddress: localhost:58706}, javascriptEnabled: true, networkConnectionEnabled: false, pageLoadStrategy: normal, platform: WINDOWS, platformName: WINDOWS, proxy: Proxy(), setWindowRect: true, strictFileInteractability: false, timeouts: {implicit: 0, pageLoad: 300000, script: 30000}, unhandledPromptBehavior: dismiss and notify}
Session ID: 8041750f222b62e95382e7d5cc48dd8b" type="org.openqa.selenium.ElementNotInteractableException">org.openqa.selenium.ElementNotInteractableException: element not interactable
  (Session info: chrome=81.0.4044.122)
Build info: version: &apos;3.141.59&apos;, revision: &apos;e82be7d358&apos;, time: &apos;2018-11-14T08:17:03&apos;
System info: host: &apos;LAPTOP-BQ7298OG&apos;, ip: &apos;192.168.1.2&apos;, os.name: &apos;Windows 10&apos;, os.arch: &apos;amd64&apos;, os.version: &apos;10.0&apos;, java.version: &apos;14.0.1&apos;
Driver info: org.openqa.selenium.chrome.ChromeDriver
Capabilities {acceptInsecureCerts: false, browserName: chrome, browserVersion: 81.0.4044.122, chrome: {chromedriverVersion: 80.0.3987.106 (f68069574609..., userDataDir: C:\WINDOWS\TEMP\scoped_dir1...}, goog:chromeOptions: {debuggerAddress: localhost:58706}, javascriptEnabled: true, networkConnectionEnabled: false, pageLoadStrategy: normal, platform: WINDOWS, platformName: WINDOWS, proxy: Proxy(), setWindowRect: true, strictFileInteractability: false, timeouts: {implicit: 0, pageLoad: 300000, script: 30000}, unhandledPromptBehavior: dismiss and notify}
Session ID: 8041750f222b62e95382e7d5cc48dd8b
	at java.base/jdk.internal.reflect.NativeConstructorAccessorImpl.newInstance0(Native Method)
	at java.base/jdk.internal.reflect.NativeConstructorAccessorImpl.newInstance(NativeConstructorAccessorImpl.java:62)
	at java.base/jdk.internal.reflect.DelegatingConstructorAccessorImpl.newInstance(DelegatingConstructorAccessorImpl.java:45)
	at java.base/java.lang.reflect.Constructor.newInstanceWithCaller(Constructor.java:500)
	at java.base/java.lang.reflect.Constructor.newInstance(Constructor.java:481)
	at org.openqa.selenium.remote.http.W3CHttpResponseCodec.createException(W3CHttpResponseCodec.java:187)
	at org.openqa.selenium.remote.http.W3CHttpResponseCodec.decode(W3CHttpResponseCodec.java:122)
	at org.openqa.selenium.remote.http.W3CHttpResponseCodec.decode(W3CHttpResponseCodec.java:49)
	at org.openqa.selenium.remote.HttpCommandExecutor.execute(HttpCommandExecutor.java:158)
	at org.openqa.selenium.remote.service.DriverCommandExecutor.execute(DriverCommandExecutor.java:83)
	at org.openqa.selenium.remote.RemoteWebDriver.execute(RemoteWebDriver.java:552)
	at org.openqa.selenium.remote.RemoteWebElement.execute(RemoteWebElement.java:285)
	at org.openqa.selenium.remote.RemoteWebElement.click(RemoteWebElement.java:84)
	at pageObjects.AddCustomerPage.clickOnCustomerMenuItem(AddCustomerPage.java:57)
	at stepDefinitions.Steps.click_on_customers_menu_item(Steps.java:122)
	at ✽.And click on customers menu item(Customer.feature:33)
</error>
  </testcase>
  <testcase classname="Scenario: Search customer by Name" name="And Enter customer FirstName" time="0.005">
    <skipped/>
  </testcase>
  <testcase classname="Scenario: Search customer by Name" name="And Enter customer LastName" time="0.005">
    <skipped/>
  </testcase>
  <testcase classname="Scenario: Search customer by Name" name="When Click on search button" time="0.005">
    <skipped/>
  </testcase>
  <testcase classname="Scenario: Search customer by Name" name="Then User should find Name in the search table" time="0.005">
    <skipped/>
  </testcase>
  <testcase classname="Scenario: Search customer by Name" name="And Close browser" time="0.005">
    <skipped/>
  </testcase>
  <testcase classname="Scenario: Successful Login with Valid Credentials" name="Given User Launch Chrome Browser" time="0"/>
  <testcase classname="Scenario: Successful Login with Valid Credentials" name="When User opens URL &quot;https://admin-demo.nopcommerce.com/login&quot;" time="0"/>
  <testcase classname="Scenario: Successful Login with Valid Credentials" name="And User enters Email as &quot;admin@yourstore.com&quot; and Password as &quot;admin&quot;" time="0"/>
  <testcase classname="Scenario: Successful Login with Valid Credentials" name="And Click on Login" time="0"/>
  <testcase classname="Scenario: Successful Login with Valid Credentials" name="Then Page Title Should be &quot;Dashboard / nopCommerce administration&quot;" time="0.001"/>
  <testcase classname="Scenario: Successful Login with Valid Credentials" name="When User Click on Log out link" time="0"/>
  <testcase classname="Scenario: Successful Login with Valid Credentials" name="Then Page Title Should be &quot;Your store. Login&quot;" time="0.001">
    <failure message="expected:&lt;[Your store. Logi]n&gt; but was:&lt;[Dashboard / nopCommerce administratio]n&gt;" type="junit.framework.ComparisonFailure">junit.framework.ComparisonFailure: expected:&lt;[Your store. Logi]n&gt; but was:&lt;[Dashboard / nopCommerce administratio]n&gt;
	at junit.framework.Assert.assertEquals(Assert.java:100)
	at junit.framework.Assert.assertEquals(Assert.java:107)
	at stepDefinitions.Steps.page_Title_Should_be(Steps.java:87)
	at ✽.Then Page Title Should be &quot;Your store. Login&quot;(Login1.feature:11)
</failure>
    <system-out> INFO [main] (Steps.java:86)- *********************Login Successful********************
</system-out>
  </testcase>
  <testcase classname="Scenario: Successful Login with Valid Credentials" name="Scenario: Successful Login with Valid Credentials" time="0.001">
    <failure message="expected:&lt;[Your store. Logi]n&gt; but was:&lt;[Dashboard / nopCommerce administratio]n&gt;" type="junit.framework.ComparisonFailure">junit.framework.ComparisonFailure: expected:&lt;[Your store. Logi]n&gt; but was:&lt;[Dashboard / nopCommerce administratio]n&gt;
	at junit.framework.Assert.assertEquals(Assert.java:100)
	at junit.framework.Assert.assertEquals(Assert.java:107)
	at stepDefinitions.Steps.page_Title_Should_be(Steps.java:87)
	at ✽.Then Page Title Should be &quot;Your store. Login&quot;(Login1.feature:11)
</failure>
  </testcase>
  <testcase classname="Scenario: Successful Login with Valid Credentials" name="And Close browser" time="0.003">
    <skipped/>
  </testcase>
  <testcase classname="| admin@yourstore.com | admin |" name="Given User Launch Chrome Browser" time="0"/>
  <testcase classname="| admin@yourstore.com | admin |" name="When User opens URL &quot;https://admin-demo.nopcommerce.com/login&quot;" time="0"/>
  <testcase classname="| admin@yourstore.com | admin |" name="And User enters Email as &quot;admin@yourstore.com&quot; and Password as &quot;admin&quot;" time="0"/>
  <testcase classname="| admin@yourstore.com | admin |" name="And Click on Login" time="0"/>
  <testcase classname="| admin@yourstore.com | admin |" name="Then Page Title Should be &quot;Dashboard / nopCommerce administration&quot;" time="0"/>
  <testcase classname="| admin@yourstore.com | admin |" name="When User Click on Log out link" time="0"/>
  <testcase classname="| admin@yourstore.com | admin |" name="Then Page Title Should be &quot;Your store. Login&quot;" time="0"/>
  <testcase classname="| admin@yourstore.com | admin |" name="And Close browser" time="0"/>
  <testcase classname="| admin@yourstore.com | admin |" name="| admin@yourstore.com | admin |" time="0.001"/>
  <testcase classname="| admin@yourstore.com | admin |" name="Given User Launch Chrome Browser" time="0"/>
  <testcase classname="| admin@yourstore.com | admin |" name="When User opens URL &quot;https://admin-demo.nopcommerce.com/login&quot;" time="0"/>
  <testcase classname="| admin@yourstore.com | admin |" name="And User enters Email as &quot;admin@yourstore.com&quot; and Password as &quot;admin&quot;" time="0"/>
  <testcase classname="| admin@yourstore.com | admin |" name="And Click on Login" time="0"/>
  <testcase classname="| admin@yourstore.com | admin |" name="Then Page Title Should be &quot;Dashboard / nopCommerce administration&quot;" time="0"/>
  <testcase classname="| admin@yourstore.com | admin |" name="When User Click on Log out link" time="0"/>
  <testcase classname="| admin@yourstore.com | admin |" name="Then Page Title Should be &quot;Your store. Login&quot;" time="0">
    <failure message="expected:&lt;[Your store. Logi]n&gt; but was:&lt;[Dashboard / nopCommerce administratio]n&gt;" type="junit.framework.ComparisonFailure">junit.framework.ComparisonFailure: expected:&lt;[Your store. Logi]n&gt; but was:&lt;[Dashboard / nopCommerce administratio]n&gt;
	at junit.framework.Assert.assertEquals(Assert.java:100)
	at junit.framework.Assert.assertEquals(Assert.java:107)
	at stepDefinitions.Steps.page_Title_Should_be(Steps.java:87)
	at ✽.Then Page Title Should be &quot;Your store. Login&quot;(Login1.feature:22)
</failure>
    <system-out> INFO [main] (Steps.java:86)- *********************Login Successful********************
</system-out>
  </testcase>
  <testcase classname="| admin@yourstore.com | admin |" name="| admin@yourstore.com | admin |" time="0">
    <failure message="expected:&lt;[Your store. Logi]n&gt; but was:&lt;[Dashboard / nopCommerce administratio]n&gt;" type="junit.framework.ComparisonFailure">junit.framework.ComparisonFailure: expected:&lt;[Your store. Logi]n&gt; but was:&lt;[Dashboard / nopCommerce administratio]n&gt;
	at junit.framework.Assert.assertEquals(Assert.java:100)
	at junit.framework.Assert.assertEquals(Assert.java:107)
	at stepDefinitions.Steps.page_Title_Should_be(Steps.java:87)
	at ✽.Then Page Title Should be &quot;Your store. Login&quot;(Login1.feature:22)
</failure>
  </testcase>
  <testcase classname="| admin@yourstore.com | admin |" name="And Close browser" time="0">
    <skipped/>
  </testcase>
</testsuite>